{"H:\\Nuclei\\web_react\\src\\store.ts": {"path":"H:\\Nuclei\\web_react\\src\\store.ts","all":false,"statementMap":{"0":{"start":{"line":1,"column":0},"end":{"line":1,"column":67}},"1":{"start":{"line":2,"column":0},"end":{"line":2,"column":45}},"2":{"start":{"line":3,"column":0},"end":{"line":3,"column":43}},"3":{"start":{"line":4,"column":0},"end":{"line":4,"column":48}},"4":{"start":{"line":5,"column":0},"end":{"line":5,"column":61}},"5":{"start":{"line":6,"column":0},"end":{"line":6,"column":32}},"6":{"start":{"line":7,"column":0},"end":{"line":7,"column":0}},"7":{"start":{"line":8,"column":0},"end":{"line":8,"column":28}},"8":{"start":{"line":9,"column":0},"end":{"line":9,"column":15}},"9":{"start":{"line":10,"column":0},"end":{"line":10,"column":10}},"10":{"start":{"line":11,"column":0},"end":{"line":11,"column":2}},"11":{"start":{"line":12,"column":0},"end":{"line":12,"column":0}},"12":{"start":{"line":13,"column":0},"end":{"line":13,"column":27}},"13":{"start":{"line":14,"column":0},"end":{"line":14,"column":15}},"14":{"start":{"line":15,"column":0},"end":{"line":15,"column":10}},"15":{"start":{"line":16,"column":0},"end":{"line":16,"column":2}},"16":{"start":{"line":17,"column":0},"end":{"line":17,"column":0}},"17":{"start":{"line":18,"column":0},"end":{"line":18,"column":77}},"18":{"start":{"line":19,"column":0},"end":{"line":19,"column":74}},"19":{"start":{"line":20,"column":0},"end":{"line":20,"column":0}},"20":{"start":{"line":21,"column":0},"end":{"line":21,"column":37}},"21":{"start":{"line":22,"column":0},"end":{"line":22,"column":31}},"22":{"start":{"line":23,"column":0},"end":{"line":23,"column":30}},"23":{"start":{"line":24,"column":0},"end":{"line":24,"column":3}},"24":{"start":{"line":25,"column":0},"end":{"line":25,"column":0}},"25":{"start":{"line":26,"column":0},"end":{"line":26,"column":37}},"26":{"start":{"line":27,"column":0},"end":{"line":27,"column":23}},"27":{"start":{"line":28,"column":0},"end":{"line":28,"column":22}},"28":{"start":{"line":29,"column":0},"end":{"line":29,"column":3}},"29":{"start":{"line":30,"column":0},"end":{"line":30,"column":0}},"30":{"start":{"line":31,"column":0},"end":{"line":31,"column":45}}},"s":{"0":1,"1":1,"2":1,"3":1,"4":1,"5":1,"6":1,"7":1,"8":1,"9":1,"10":1,"11":1,"12":1,"13":1,"14":1,"15":1,"16":1,"17":1,"18":1,"19":1,"20":1,"21":1,"22":1,"23":1,"24":1,"25":1,"26":1,"27":1,"28":1,"29":1,"30":1},"branchMap":{},"b":{},"fnMap":{},"f":{}}
,"H:\\Nuclei\\web_react\\src\\auth\\token_handler.tsx": {"path":"H:\\Nuclei\\web_react\\src\\auth\\token_handler.tsx","all":false,"statementMap":{"0":{"start":{"line":1,"column":0},"end":{"line":1,"column":60}},"1":{"start":{"line":2,"column":0},"end":{"line":2,"column":33}},"2":{"start":{"line":3,"column":0},"end":{"line":3,"column":0}},"3":{"start":{"line":4,"column":0},"end":{"line":4,"column":50}},"4":{"start":{"line":5,"column":0},"end":{"line":5,"column":39}},"5":{"start":{"line":6,"column":0},"end":{"line":6,"column":2}},"6":{"start":{"line":7,"column":0},"end":{"line":7,"column":0}},"7":{"start":{"line":8,"column":0},"end":{"line":8,"column":61}},"8":{"start":{"line":9,"column":0},"end":{"line":9,"column":51}},"9":{"start":{"line":10,"column":0},"end":{"line":10,"column":2}},"10":{"start":{"line":11,"column":0},"end":{"line":11,"column":0}},"11":{"start":{"line":12,"column":0},"end":{"line":12,"column":48}},"12":{"start":{"line":13,"column":0},"end":{"line":13,"column":39}},"13":{"start":{"line":14,"column":0},"end":{"line":14,"column":2}},"14":{"start":{"line":15,"column":0},"end":{"line":15,"column":0}},"15":{"start":{"line":16,"column":0},"end":{"line":16,"column":64}},"16":{"start":{"line":17,"column":0},"end":{"line":17,"column":35}},"17":{"start":{"line":18,"column":0},"end":{"line":18,"column":55}},"18":{"start":{"line":19,"column":0},"end":{"line":19,"column":0}},"19":{"start":{"line":20,"column":0},"end":{"line":20,"column":29}},"20":{"start":{"line":21,"column":0},"end":{"line":21,"column":32}},"21":{"start":{"line":22,"column":0},"end":{"line":22,"column":10}},"22":{"start":{"line":23,"column":0},"end":{"line":23,"column":20}},"23":{"start":{"line":24,"column":0},"end":{"line":24,"column":3}},"24":{"start":{"line":25,"column":0},"end":{"line":25,"column":2}},"25":{"start":{"line":26,"column":0},"end":{"line":26,"column":0}},"26":{"start":{"line":27,"column":0},"end":{"line":27,"column":67}},"27":{"start":{"line":28,"column":0},"end":{"line":28,"column":55}},"28":{"start":{"line":29,"column":0},"end":{"line":29,"column":33}},"29":{"start":{"line":30,"column":0},"end":{"line":30,"column":35}},"30":{"start":{"line":31,"column":0},"end":{"line":31,"column":0}},"31":{"start":{"line":32,"column":0},"end":{"line":32,"column":19}},"32":{"start":{"line":33,"column":0},"end":{"line":33,"column":50}},"33":{"start":{"line":34,"column":0},"end":{"line":34,"column":10}},"34":{"start":{"line":35,"column":0},"end":{"line":35,"column":20}},"35":{"start":{"line":36,"column":0},"end":{"line":36,"column":3}},"36":{"start":{"line":37,"column":0},"end":{"line":37,"column":2}}},"s":{"0":1,"1":1,"2":1,"3":1,"4":0,"5":0,"6":1,"7":1,"8":0,"9":0,"10":1,"11":1,"12":2,"13":2,"14":1,"15":1,"16":2,"17":2,"18":2,"19":2,"20":0,"21":0,"22":0,"23":0,"24":2,"25":1,"26":1,"27":2,"28":2,"29":2,"30":2,"31":2,"32":0,"33":0,"34":0,"35":0,"36":2},"branchMap":{"0":{"type":"branch","line":12,"loc":{"start":{"line":12,"column":26},"end":{"line":14,"column":2}},"locations":[{"start":{"line":12,"column":26},"end":{"line":14,"column":2}}]},"1":{"type":"branch","line":16,"loc":{"start":{"line":16,"column":26},"end":{"line":25,"column":2}},"locations":[{"start":{"line":16,"column":26},"end":{"line":25,"column":2}}]},"2":{"type":"branch","line":20,"loc":{"start":{"line":20,"column":28},"end":{"line":24,"column":3}},"locations":[{"start":{"line":20,"column":28},"end":{"line":24,"column":3}}]},"3":{"type":"branch","line":27,"loc":{"start":{"line":27,"column":29},"end":{"line":37,"column":2}},"locations":[{"start":{"line":27,"column":29},"end":{"line":37,"column":2}}]},"4":{"type":"branch","line":32,"loc":{"start":{"line":32,"column":18},"end":{"line":36,"column":3}},"locations":[{"start":{"line":32,"column":18},"end":{"line":36,"column":3}}]}},"b":{"0":[2],"1":[2],"2":[0],"3":[2],"4":[0]},"fnMap":{"0":{"name":"setToken","decl":{"start":{"line":4,"column":24},"end":{"line":6,"column":2}},"loc":{"start":{"line":4,"column":24},"end":{"line":6,"column":2}},"line":4},"1":{"name":"setTokenExpire","decl":{"start":{"line":8,"column":30},"end":{"line":10,"column":2}},"loc":{"start":{"line":8,"column":30},"end":{"line":10,"column":2}},"line":8},"2":{"name":"fetchToken","decl":{"start":{"line":12,"column":26},"end":{"line":14,"column":2}},"loc":{"start":{"line":12,"column":26},"end":{"line":14,"column":2}},"line":12},"3":{"name":"PrivRoutes","decl":{"start":{"line":16,"column":26},"end":{"line":25,"column":2}},"loc":{"start":{"line":16,"column":26},"end":{"line":25,"column":2}},"line":16},"4":{"name":"NonPrivRoutes","decl":{"start":{"line":27,"column":29},"end":{"line":37,"column":2}},"loc":{"start":{"line":27,"column":29},"end":{"line":37,"column":2}},"line":27}},"f":{"0":0,"1":0,"2":2,"3":2,"4":2}}
,"H:\\Nuclei\\web_react\\src\\slices\\fileStore.ts": {"path":"H:\\Nuclei\\web_react\\src\\slices\\fileStore.ts","all":false,"statementMap":{"0":{"start":{"line":1,"column":0},"end":{"line":1,"column":47}},"1":{"start":{"line":2,"column":0},"end":{"line":2,"column":52}},"2":{"start":{"line":3,"column":0},"end":{"line":3,"column":0}},"3":{"start":{"line":4,"column":0},"end":{"line":4,"column":29}},"4":{"start":{"line":5,"column":0},"end":{"line":5,"column":34}},"5":{"start":{"line":6,"column":0},"end":{"line":6,"column":15}},"6":{"start":{"line":7,"column":0},"end":{"line":7,"column":17}},"7":{"start":{"line":8,"column":0},"end":{"line":8,"column":2}},"8":{"start":{"line":9,"column":0},"end":{"line":9,"column":0}},"9":{"start":{"line":10,"column":0},"end":{"line":10,"column":38}},"10":{"start":{"line":11,"column":0},"end":{"line":11,"column":16}},"11":{"start":{"line":12,"column":0},"end":{"line":12,"column":15}},"12":{"start":{"line":13,"column":0},"end":{"line":13,"column":13}},"13":{"start":{"line":14,"column":0},"end":{"line":14,"column":34}},"14":{"start":{"line":15,"column":0},"end":{"line":15,"column":35}},"15":{"start":{"line":16,"column":0},"end":{"line":16,"column":6}},"16":{"start":{"line":17,"column":0},"end":{"line":17,"column":38}},"17":{"start":{"line":18,"column":0},"end":{"line":18,"column":39}},"18":{"start":{"line":19,"column":0},"end":{"line":19,"column":6}},"19":{"start":{"line":20,"column":0},"end":{"line":20,"column":36}},"20":{"start":{"line":21,"column":0},"end":{"line":21,"column":37}},"21":{"start":{"line":22,"column":0},"end":{"line":22,"column":6}},"22":{"start":{"line":23,"column":0},"end":{"line":23,"column":4}},"23":{"start":{"line":24,"column":0},"end":{"line":24,"column":3}},"24":{"start":{"line":25,"column":0},"end":{"line":25,"column":0}},"25":{"start":{"line":26,"column":0},"end":{"line":26,"column":72}},"26":{"start":{"line":27,"column":0},"end":{"line":27,"column":0}},"27":{"start":{"line":28,"column":0},"end":{"line":28,"column":33}}},"s":{"0":1,"1":1,"2":1,"3":1,"4":1,"5":1,"6":1,"7":1,"8":1,"9":1,"10":1,"11":1,"12":1,"13":1,"14":0,"15":1,"16":1,"17":0,"18":1,"19":1,"20":0,"21":0,"22":1,"23":1,"24":1,"25":1,"26":1,"27":1},"branchMap":{},"b":{},"fnMap":{"0":{"name":"setFiles","decl":{"start":{"line":14,"column":14},"end":{"line":16,"column":5}},"loc":{"start":{"line":14,"column":14},"end":{"line":16,"column":5}},"line":14},"1":{"name":"setFileCount","decl":{"start":{"line":17,"column":18},"end":{"line":19,"column":5}},"loc":{"start":{"line":17,"column":18},"end":{"line":19,"column":5}},"line":17},"2":{"name":"setFetched","decl":{"start":{"line":20,"column":16},"end":{"line":22,"column":6}},"loc":{"start":{"line":20,"column":16},"end":{"line":22,"column":6}},"line":20}},"f":{"0":0,"1":0,"2":0}}
,"H:\\Nuclei\\web_react\\src\\slices\\tokenStore.ts": {"path":"H:\\Nuclei\\web_react\\src\\slices\\tokenStore.ts","all":false,"statementMap":{"0":{"start":{"line":1,"column":0},"end":{"line":1,"column":47}},"1":{"start":{"line":2,"column":0},"end":{"line":2,"column":65}},"2":{"start":{"line":3,"column":0},"end":{"line":3,"column":0}},"3":{"start":{"line":4,"column":0},"end":{"line":4,"column":22}},"4":{"start":{"line":5,"column":0},"end":{"line":5,"column":12}},"5":{"start":{"line":6,"column":0},"end":{"line":6,"column":13}},"6":{"start":{"line":7,"column":0},"end":{"line":7,"column":20}},"7":{"start":{"line":8,"column":0},"end":{"line":8,"column":2}},"8":{"start":{"line":9,"column":0},"end":{"line":9,"column":23}},"9":{"start":{"line":10,"column":0},"end":{"line":10,"column":26}},"10":{"start":{"line":11,"column":0},"end":{"line":11,"column":37}},"11":{"start":{"line":12,"column":0},"end":{"line":12,"column":32}},"12":{"start":{"line":13,"column":0},"end":{"line":13,"column":2}},"13":{"start":{"line":14,"column":0},"end":{"line":14,"column":0}},"14":{"start":{"line":15,"column":0},"end":{"line":15,"column":39}},"15":{"start":{"line":16,"column":0},"end":{"line":16,"column":16}},"16":{"start":{"line":17,"column":0},"end":{"line":17,"column":15}},"17":{"start":{"line":18,"column":0},"end":{"line":18,"column":13}},"18":{"start":{"line":19,"column":0},"end":{"line":19,"column":32}},"19":{"start":{"line":20,"column":0},"end":{"line":20,"column":43}},"20":{"start":{"line":21,"column":0},"end":{"line":21,"column":32}},"21":{"start":{"line":22,"column":0},"end":{"line":22,"column":32}},"22":{"start":{"line":23,"column":0},"end":{"line":23,"column":0}},"23":{"start":{"line":24,"column":0},"end":{"line":24,"column":25}},"24":{"start":{"line":25,"column":0},"end":{"line":25,"column":50}},"25":{"start":{"line":26,"column":0},"end":{"line":26,"column":36}},"26":{"start":{"line":27,"column":0},"end":{"line":27,"column":0}},"27":{"start":{"line":28,"column":0},"end":{"line":28,"column":29}},"28":{"start":{"line":29,"column":0},"end":{"line":29,"column":31}},"29":{"start":{"line":30,"column":0},"end":{"line":30,"column":26}},"30":{"start":{"line":31,"column":0},"end":{"line":31,"column":33}},"31":{"start":{"line":32,"column":0},"end":{"line":32,"column":39}},"32":{"start":{"line":33,"column":0},"end":{"line":33,"column":47}},"33":{"start":{"line":34,"column":0},"end":{"line":34,"column":6}},"34":{"start":{"line":35,"column":0},"end":{"line":35,"column":4}},"35":{"start":{"line":36,"column":0},"end":{"line":36,"column":3}},"36":{"start":{"line":37,"column":0},"end":{"line":37,"column":0}},"37":{"start":{"line":38,"column":0},"end":{"line":38,"column":63}},"38":{"start":{"line":39,"column":0},"end":{"line":39,"column":71}},"39":{"start":{"line":40,"column":0},"end":{"line":40,"column":0}},"40":{"start":{"line":41,"column":0},"end":{"line":41,"column":34}}},"s":{"0":1,"1":1,"2":1,"3":1,"4":1,"5":1,"6":1,"7":1,"8":1,"9":0,"10":0,"11":0,"12":0,"13":1,"14":1,"15":1,"16":1,"17":1,"18":1,"19":0,"20":0,"21":0,"22":1,"23":1,"24":0,"25":0,"26":1,"27":1,"28":0,"29":0,"30":0,"31":0,"32":0,"33":0,"34":1,"35":1,"36":1,"37":1,"38":1,"39":1,"40":1},"branchMap":{},"b":{},"fnMap":{"0":{"name":"expTime","decl":{"start":{"line":9,"column":16},"end":{"line":13,"column":2}},"loc":{"start":{"line":9,"column":16},"end":{"line":13,"column":2}},"line":9},"1":{"name":"addToken","decl":{"start":{"line":19,"column":14},"end":{"line":22,"column":32}},"loc":{"start":{"line":19,"column":14},"end":{"line":22,"column":32}},"line":19},"2":{"name":"setExpire","decl":{"start":{"line":24,"column":15},"end":{"line":26,"column":36}},"loc":{"start":{"line":24,"column":15},"end":{"line":26,"column":36}},"line":24},"3":{"name":"removeToken","decl":{"start":{"line":28,"column":17},"end":{"line":34,"column":6}},"loc":{"start":{"line":28,"column":17},"end":{"line":34,"column":6}},"line":28}},"f":{"0":0,"1":0,"2":0,"3":0}}
}
