TN:
SF:src\store.ts
FNF:0
FNH:0
DA:1,1
DA:2,1
DA:3,1
DA:4,1
DA:5,1
DA:6,1
DA:7,1
DA:8,1
DA:9,1
DA:10,1
DA:11,1
DA:12,1
DA:13,1
DA:14,1
DA:15,1
DA:16,1
DA:17,1
DA:18,1
DA:19,1
DA:20,1
DA:21,1
DA:22,1
DA:23,1
DA:24,1
DA:25,1
DA:26,1
DA:27,1
DA:28,1
DA:29,1
DA:30,1
DA:31,1
LF:31
LH:31
BRF:0
BRH:0
end_of_record
TN:
SF:src\auth\token_handler.tsx
FN:4,setToken
FN:8,setTokenExpire
FN:12,fetchToken
FN:16,PrivRoutes
FN:27,NonPrivRoutes
FNF:5
FNH:3
FNDA:0,setToken
FNDA:0,setTokenExpire
FNDA:2,fetchToken
FNDA:2,PrivRoutes
FNDA:2,NonPrivRoutes
DA:1,1
DA:2,1
DA:3,1
DA:4,1
DA:5,0
DA:6,0
DA:7,1
DA:8,1
DA:9,0
DA:10,0
DA:11,1
DA:12,1
DA:13,2
DA:14,2
DA:15,1
DA:16,1
DA:17,2
DA:18,2
DA:19,2
DA:20,2
DA:21,0
DA:22,0
DA:23,0
DA:24,0
DA:25,2
DA:26,1
DA:27,1
DA:28,2
DA:29,2
DA:30,2
DA:31,2
DA:32,2
DA:33,0
DA:34,0
DA:35,0
DA:36,0
DA:37,2
LF:37
LH:25
BRDA:12,0,0,2
BRDA:16,1,0,2
BRDA:20,2,0,0
BRDA:27,3,0,2
BRDA:32,4,0,0
BRF:5
BRH:3
end_of_record
TN:
SF:src\slices\fileStore.ts
FN:14,setFiles
FN:17,setFileCount
FN:20,setFetched
FNF:3
FNH:0
FNDA:0,setFiles
FNDA:0,setFileCount
FNDA:0,setFetched
DA:1,1
DA:2,1
DA:3,1
DA:4,1
DA:5,1
DA:6,1
DA:7,1
DA:8,1
DA:9,1
DA:10,1
DA:11,1
DA:12,1
DA:13,1
DA:14,1
DA:15,0
DA:16,1
DA:17,1
DA:18,0
DA:19,1
DA:20,1
DA:21,0
DA:22,0
DA:23,1
DA:24,1
DA:25,1
DA:26,1
DA:27,1
DA:28,1
LF:28
LH:24
BRF:0
BRH:0
end_of_record
TN:
SF:src\slices\tokenStore.ts
FN:9,expTime
FN:19,addToken
FN:24,setExpire
FN:28,removeToken
FNF:4
FNH:0
FNDA:0,expTime
FNDA:0,addToken
FNDA:0,setExpire
FNDA:0,removeToken
DA:1,1
DA:2,1
DA:3,1
DA:4,1
DA:5,1
DA:6,1
DA:7,1
DA:8,1
DA:9,1
DA:10,0
DA:11,0
DA:12,0
DA:13,0
DA:14,1
DA:15,1
DA:16,1
DA:17,1
DA:18,1
DA:19,1
DA:20,0
DA:21,0
DA:22,0
DA:23,1
DA:24,1
DA:25,0
DA:26,0
DA:27,1
DA:28,1
DA:29,0
DA:30,0
DA:31,0
DA:32,0
DA:33,0
DA:34,0
DA:35,1
DA:36,1
DA:37,1
DA:38,1
DA:39,1
DA:40,1
DA:41,1
LF:41
LH:26
BRF:0
BRH:0
end_of_record
